yolov5s,YoloV5,FP32,6.317838
yolov6n,YoloV5,FP16,3.625780
yolov6n,YoloV5,FP16,1.285288
yolov6n,YoloV5,FP16,1.362765
yolov8n,YoloV5,FP32,3.555186
yolov6n,YoloV5,FP16,1.303225
yolov8n,YoloV5,FP16,1.831362
yolox_s,YoloX,FP16,2.728418
yolox_s,YoloX,FP16,2.737315
yolov8n,YoloV5,FP16,1.831533
yolov8n,YoloV5,FP16,1.827017
yolov8n,YoloV5,FP16,2.640414
yolov8n,YoloV5,FP16,2.218934
yolov8n,YoloV5,FP16,2.308600
yolov8n,YoloV5,FP16,2.685600
yolov8n,YoloV5,FP16,2.673051
yolov8n,YoloV5,FP16,2.055804
yolov6n,YoloV5,FP16,1.590627
yolov6n,YoloV5,FP16,1.475411
yolov6n,YoloV5,INT8,1.255294
yolov6n,YoloV5,INT8,0.988810
damoyolo_tinynasL25_S_cigarette,Unknow,FP32,8.903099
damoyolo_tinynasL25_S_cigarette,Damoyolo,FP32,8.860731
damoyolo_tinynasL25_S_cigarette,Damoyolo,FP32,9.010548
damoyolo_tinynasL25_S_cigarette,Damoyolo,FP32,8.751171
damoyolo_tinynasL25_S,Damoyolo,FP32,9.164418
damoyolo_tinynasL25_S,Damoyolo,FP32,9.252915
damoyolo_tinynasL25_S,Damoyolo,FP32,8.970502
damoyolo_tinynasL25_S,Damoyolo,FP32,9.067451
damoyolo_tinynasL25_S,Damoyolo,FP32,9.051497
damoyolo_tinynasL25_S_cigarette,Damoyolo,FP32,8.711994
yolov8n.transd,YoloV8,FP16,1.671242
yolov8n.transd,YoloV8,FP32,3.350351
yolov8n.transd,YoloV8,FP32,3.364455
yolov8n-traffic.transd,YoloV8,FP32,3.281051
yolov8n-traffic.transd,YoloV8,FP32,3.281220
yolov8n-traffic.transd,YoloV8,FP32,3.268630
yolov8n.transd,YoloV8,FP32,3.334041
yolov8n-traffic.transd,YoloV8,FP32,3.332957
yolov8n-traffic.transd,YoloV8,FP16,1.694322
yolov8n-traffic2.transd,YoloV8,FP32,3.326621
yolov8n-traffic.transd,YoloV8,FP32,5.478480
yolov8n-traffic.transd,YoloV8,FP32,7.164624
yolov5n-traffic,YoloV5,FP32,2.479364
yolov5n-traffic,YoloV5,INT8,1.209058
yolov7_qat_640,YoloV7,INT8,4.782980
yolov7_qat_640,YoloV7,INT8,4.866992
yolov7_qat_640,YoloV7,INT8,4.811226
yolov5n-psw,YoloV5,FP32,2.449132
yolov5n-traffic-20231121,YoloV5,INT8,1.308305
